<?xml version="1.0" encoding="UTF-8"?>
<!-- Generated by org.testng.reporters.JUnitReportReporter -->
<testsuite hostname="gotluru" failures="0" tests="1" name="Testcase.testcasecode" time="0.833" errors="1" timestamp="2025-02-12T13:27:28 IST" skipped="0">
  <testcase classname="Testcase.testcasecode" name="page1" time="0.833">
    <error type="java.lang.StackOverflowError">
      <![CDATA[java.lang.StackOverflowError
at Testcase.testcasecode.generatedstring(testcasecode.java:63)
at Testcase.testcasecode.generatedstring(testcasecode.java:63)
at Testcase.testcasecode.generatedstring(testcasecode.java:63)
at Testcase.testcasecode.generatedstring(testcasecode.java:63)
at Testcase.testcasecode.generatedstring(testcasecode.java:63)
at Testcase.testcasecode.generatedstring(testcasecode.java:63)
at Testcase.testcasecode.generatedstring(testcasecode.java:63)
at Testcase.testcasecode.generatedstring(testcasecode.java:63)
at Testcase.testcasecode.generatedstring(testcasecode.java:63)
at Testcase.testcasecode.generatedstring(testcasecode.java:63)
at Testcase.testcasecode.generatedstring(testcasecode.java:63)
at Testcase.testcasecode.generatedstring(testcasecode.java:63)
at Testcase.testcasecode.generatedstring(testcasecode.java:63)
at Testcase.testcasecode.generatedstring(testcasecode.java:63)
at Testcase.testcasecode.generatedstring(testcasecode.java:63)
at Testcase.testcasecode.generatedstring(testcasecode.java:63)
at Testcase.testcasecode.generatedstring(testcasecode.java:63)
at Testcase.testcasecode.generatedstring(testcasecode.java:63)
at Testcase.testcasecode.generatedstring(testcasecode.java:63)
at Testcase.testcasecode.generatedstring(testcasecode.java:63)
at Testcase.testcasecode.generatedstring(testcasecode.java:63)
at Testcase.testcasecode.generatedstring(testcasecode.java:63)
at Testcase.testcasecode.generatedstring(testcasecode.java:63)
at Testcase.testcasecode.generatedstring(testcasecode.java:63)
at Testcase.testcasecode.generatedstring(testcasecode.java:63)
at Testcase.testcasecode.generatedstring(testcasecode.java:63)
at Testcase.testcasecode.generatedstring(testcasecode.java:63)
at Testcase.testcasecode.generatedstring(testcasecode.java:63)
at Testcase.testcasecode.generatedstring(testcasecode.java:63)
at Testcase.testcasecode.generatedstring(testcasecode.java:63)
at Testcase.testcasecode.generatedstring(testcasecode.java:63)
at Testcase.testcasecode.generatedstring(testcasecode.java:63)
at Testcase.testcasecode.generatedstring(testcasecode.java:63)
at Testcase.testcasecode.generatedstring(testcasecode.java:63)
at Testcase.testcasecode.generatedstring(testcasecode.java:63)
at Testcase.testcasecode.generatedstring(testcasecode.java:63)
at Testcase.testcasecode.generatedstring(testcasecode.java:63)
at Testcase.testcasecode.generatedstring(testcasecode.java:63)
at Testcase.testcasecode.generatedstring(testcasecode.java:63)
at Testcase.testcasecode.generatedstring(testcasecode.java:63)
at Testcase.testcasecode.generatedstring(testcasecode.java:63)
at Testcase.testcasecode.generatedstring(testcasecode.java:63)
at Testcase.testcasecode.generatedstring(testcasecode.java:63)
at Testcase.testcasecode.generatedstring(testcasecode.java:63)
at Testcase.testcasecode.generatedstring(testcasecode.java:63)
at Testcase.testcasecode.generatedstring(testcasecode.java:63)
at Testcase.testcasecode.generatedstring(testcasecode.java:63)
at Testcase.testcasecode.generatedstring(testcasecode.java:63)
at Testcase.testcasecode.generatedstring(testcasecode.java:63)
at Testcase.testcasecode.generatedstring(testcasecode.java:63)
at Testcase.testcasecode.generatedstring(testcasecode.java:63)
at Testcase.testcasecode.generatedstring(testcasecode.java:63)
at Testcase.testcasecode.generatedstring(testcasecode.java:63)
at Testcase.testcasecode.generatedstring(testcasecode.java:63)
at Testcase.testcasecode.generatedstring(testcasecode.java:63)
at Testcase.testcasecode.generatedstring(testcasecode.java:63)
at Testcase.testcasecode.generatedstring(testcasecode.java:63)
at Testcase.testcasecode.generatedstring(testcasecode.java:63)
at Testcase.testcasecode.generatedstring(testcasecode.java:63)
at Testcase.testcasecode.generatedstring(testcasecode.java:63)
at Testcase.testcasecode.generatedstring(testcasecode.java:63)
at Testcase.testcasecode.generatedstring(testcasecode.java:63)
at Testcase.testcasecode.generatedstring(testcasecode.java:63)
at Testcase.testcasecode.generatedstring(testcasecode.java:63)
at Testcase.testcasecode.generatedstring(testcasecode.java:63)
at Testcase.testcasecode.generatedstring(testcasecode.java:63)
at Testcase.testcasecode.generatedstring(testcasecode.java:63)
at Testcase.testcasecode.generatedstring(testcasecode.java:63)
at Testcase.testcasecode.generatedstring(testcasecode.java:63)
at Testcase.testcasecode.generatedstring(testcasecode.java:63)
at Testcase.testcasecode.generatedstring(testcasecode.java:63)
at Testcase.testcasecode.generatedstring(testcasecode.java:63)
at Testcase.testcasecode.generatedstring(testcasecode.java:63)
at Testcase.testcasecode.generatedstring(testcasecode.java:63)
at Testcase.testcasecode.generatedstring(testcasecode.java:63)
at Testcase.testcasecode.generatedstring(testcasecode.java:63)
at Testcase.testcasecode.generatedstring(testcasecode.java:63)
at Testcase.testcasecode.generatedstring(testcasecode.java:63)
at Testcase.testcasecode.generatedstring(testcasecode.java:63)
at Testcase.testcasecode.generatedstring(testcasecode.java:63)
at Testcase.testcasecode.generatedstring(testcasecode.java:63)
at Testcase.testcasecode.generatedstring(testcasecode.java:63)
at Testcase.testcasecode.generatedstring(testcasecode.java:63)
at Testcase.testcasecode.generatedstring(testcasecode.java:63)
at Testcase.testcasecode.generatedstring(testcasecode.java:63)
at Testcase.testcasecode.generatedstring(testcasecode.java:63)
at Testcase.testcasecode.generatedstring(testcasecode.java:63)
at Testcase.testcasecode.generatedstring(testcasecode.java:63)
at Testcase.testcasecode.generatedstring(testcasecode.java:63)
at Testcase.testcasecode.generatedstring(testcasecode.java:63)
at Testcase.testcasecode.generatedstring(testcasecode.java:63)
at Testcase.testcasecode.generatedstring(testcasecode.java:63)
at Testcase.testcasecode.generatedstring(testcasecode.java:63)
at Testcase.testcasecode.generatedstring(testcasecode.java:63)
at Testcase.testcasecode.generatedstring(testcasecode.java:63)
at Testcase.testcasecode.generatedstring(testcasecode.java:63)
at Testcase.testcasecode.generatedstring(testcasecode.java:63)
at Testcase.testcasecode.generatedstring(testcasecode.java:63)
at Testcase.testcasecode.generatedstring(testcasecode.java:63)
at Testcase.testcasecode.generatedstring(testcasecode.java:63)
at Testcase.testcasecode.generatedstring(testcasecode.java:63)
at Testcase.testcasecode.generatedstring(testcasecode.java:63)
at Testcase.testcasecode.generatedstring(testcasecode.java:63)
at Testcase.testcasecode.generatedstring(testcasecode.java:63)
at Testcase.testcasecode.generatedstring(testcasecode.java:63)
at Testcase.testcasecode.generatedstring(testcasecode.java:63)
at Testcase.testcasecode.generatedstring(testcasecode.java:63)
at Testcase.testcasecode.generatedstring(testcasecode.java:63)
at Testcase.testcasecode.generatedstring(testcasecode.java:63)
at Testcase.testcasecode.generatedstring(testcasecode.java:63)
at Testcase.testcasecode.generatedstring(testcasecode.java:63)
at Testcase.testcasecode.generatedstring(testcasecode.java:63)
at Testcase.testcasecode.generatedstring(testcasecode.java:63)
at Testcase.testcasecode.generatedstring(testcasecode.java:63)
at Testcase.testcasecode.generatedstring(testcasecode.java:63)
at Testcase.testcasecode.generatedstring(testcasecode.java:63)
at Testcase.testcasecode.generatedstring(testcasecode.java:63)
at Testcase.testcasecode.generatedstring(testcasecode.java:63)
at Testcase.testcasecode.generatedstring(testcasecode.java:63)
at Testcase.testcasecode.generatedstring(testcasecode.java:63)
at Testcase.testcasecode.generatedstring(testcasecode.java:63)
at Testcase.testcasecode.generatedstring(testcasecode.java:63)
at Testcase.testcasecode.generatedstring(testcasecode.java:63)
at Testcase.testcasecode.generatedstring(testcasecode.java:63)
at Testcase.testcasecode.generatedstring(testcasecode.java:63)
at Testcase.testcasecode.generatedstring(testcasecode.java:63)
at Testcase.testcasecode.generatedstring(testcasecode.java:63)
at Testcase.testcasecode.generatedstring(testcasecode.java:63)
at Testcase.testcasecode.generatedstring(testcasecode.java:63)
at Testcase.testcasecode.generatedstring(testcasecode.java:63)
at Testcase.testcasecode.generatedstring(testcasecode.java:63)
at Testcase.testcasecode.generatedstring(testcasecode.java:63)
at Testcase.testcasecode.generatedstring(testcasecode.java:63)
at Testcase.testcasecode.generatedstring(testcasecode.java:63)
at Testcase.testcasecode.generatedstring(testcasecode.java:63)
at Testcase.testcasecode.generatedstring(testcasecode.java:63)
at Testcase.testcasecode.generatedstring(testcasecode.java:63)
at Testcase.testcasecode.generatedstring(testcasecode.java:63)
at Testcase.testcasecode.generatedstring(testcasecode.java:63)
at Testcase.testcasecode.generatedstring(testcasecode.java:63)
at Testcase.testcasecode.generatedstring(testcasecode.java:63)
at Testcase.testcasecode.generatedstring(testcasecode.java:63)
at Testcase.testcasecode.generatedstring(testcasecode.java:63)
at Testcase.testcasecode.generatedstring(testcasecode.java:63)
at Testcase.testcasecode.generatedstring(testcasecode.java:63)
at Testcase.testcasecode.generatedstring(testcasecode.java:63)
at Testcase.testcasecode.generatedstring(testcasecode.java:63)
at Testcase.testcasecode.generatedstring(testcasecode.java:63)
at Testcase.testcasecode.generatedstring(testcasecode.java:63)
at Testcase.testcasecode.generatedstring(testcasecode.java:63)
at Testcase.testcasecode.generatedstring(testcasecode.java:63)
at Testcase.testcasecode.generatedstring(testcasecode.java:63)
at Testcase.testcasecode.generatedstring(testcasecode.java:63)
at Testcase.testcasecode.generatedstring(testcasecode.java:63)
at Testcase.testcasecode.generatedstring(testcasecode.java:63)
at Testcase.testcasecode.generatedstring(testcasecode.java:63)
at Testcase.testcasecode.generatedstring(testcasecode.java:63)
at Testcase.testcasecode.generatedstring(testcasecode.java:63)
at Testcase.testcasecode.generatedstring(testcasecode.java:63)
at Testcase.testcasecode.generatedstring(testcasecode.java:63)
at Testcase.testcasecode.generatedstring(testcasecode.java:63)
at Testcase.testcasecode.generatedstring(testcasecode.java:63)
at Testcase.testcasecode.generatedstring(testcasecode.java:63)
at Testcase.testcasecode.generatedstring(testcasecode.java:63)
at Testcase.testcasecode.generatedstring(testcasecode.java:63)
at Testcase.testcasecode.generatedstring(testcasecode.java:63)
at Testcase.testcasecode.generatedstring(testcasecode.java:63)
at Testcase.testcasecode.generatedstring(testcasecode.java:63)
at Testcase.testcasecode.generatedstring(testcasecode.java:63)
at Testcase.testcasecode.generatedstring(testcasecode.java:63)
at Testcase.testcasecode.generatedstring(testcasecode.java:63)
at Testcase.testcasecode.generatedstring(testcasecode.java:63)
at Testcase.testcasecode.generatedstring(testcasecode.java:63)
at Testcase.testcasecode.generatedstring(testcasecode.java:63)
at Testcase.testcasecode.generatedstring(testcasecode.java:63)
at Testcase.testcasecode.generatedstring(testcasecode.java:63)
at Testcase.testcasecode.generatedstring(testcasecode.java:63)
at Testcase.testcasecode.generatedstring(testcasecode.java:63)
at Testcase.testcasecode.generatedstring(testcasecode.java:63)
at Testcase.testcasecode.generatedstring(testcasecode.java:63)
at Testcase.testcasecode.generatedstring(testcasecode.java:63)
at Testcase.testcasecode.generatedstring(testcasecode.java:63)
at Testcase.testcasecode.generatedstring(testcasecode.java:63)
at Testcase.testcasecode.generatedstring(testcasecode.java:63)
at Testcase.testcasecode.generatedstring(testcasecode.java:63)
at Testcase.testcasecode.generatedstring(testcasecode.java:63)
at Testcase.testcasecode.generatedstring(testcasecode.java:63)
at Testcase.testcasecode.generatedstring(testcasecode.java:63)
at Testcase.testcasecode.generatedstring(testcasecode.java:63)
at Testcase.testcasecode.generatedstring(testcasecode.java:63)
at Testcase.testcasecode.generatedstring(testcasecode.java:63)
at Testcase.testcasecode.generatedstring(testcasecode.java:63)
at Testcase.testcasecode.generatedstring(testcasecode.java:63)
at Testcase.testcasecode.generatedstring(testcasecode.java:63)
at Testcase.testcasecode.generatedstring(testcasecode.java:63)
at Testcase.testcasecode.generatedstring(testcasecode.java:63)
at Testcase.testcasecode.generatedstring(testcasecode.java:63)
at Testcase.testcasecode.generatedstring(testcasecode.java:63)
at Testcase.testcasecode.generatedstring(testcasecode.java:63)
at Testcase.testcasecode.generatedstring(testcasecode.java:63)
at Testcase.testcasecode.generatedstring(testcasecode.java:63)
at Testcase.testcasecode.generatedstring(testcasecode.java:63)
at Testcase.testcasecode.generatedstring(testcasecode.java:63)
at Testcase.testcasecode.generatedstring(testcasecode.java:63)
at Testcase.testcasecode.generatedstring(testcasecode.java:63)
at Testcase.testcasecode.generatedstring(testcasecode.java:63)
at Testcase.testcasecode.generatedstring(testcasecode.java:63)
at Testcase.testcasecode.generatedstring(testcasecode.java:63)
at Testcase.testcasecode.generatedstring(testcasecode.java:63)
at Testcase.testcasecode.generatedstring(testcasecode.java:63)
at Testcase.testcasecode.generatedstring(testcasecode.java:63)
at Testcase.testcasecode.generatedstring(testcasecode.java:63)
at Testcase.testcasecode.generatedstring(testcasecode.java:63)
at Testcase.testcasecode.generatedstring(testcasecode.java:63)
at Testcase.testcasecode.generatedstring(testcasecode.java:63)
at Testcase.testcasecode.generatedstring(testcasecode.java:63)
at Testcase.testcasecode.generatedstring(testcasecode.java:63)
at Testcase.testcasecode.generatedstring(testcasecode.java:63)
at Testcase.testcasecode.generatedstring(testcasecode.java:63)
at Testcase.testcasecode.generatedstring(testcasecode.java:63)
at Testcase.testcasecode.generatedstring(testcasecode.java:63)
at Testcase.testcasecode.generatedstring(testcasecode.java:63)
at Testcase.testcasecode.generatedstring(testcasecode.java:63)
at Testcase.testcasecode.generatedstring(testcasecode.java:63)
at Testcase.testcasecode.generatedstring(testcasecode.java:63)
at Testcase.testcasecode.generatedstring(testcasecode.java:63)
at Testcase.testcasecode.generatedstring(testcasecode.java:63)
at Testcase.testcasecode.generatedstring(testcasecode.java:63)
at Testcase.testcasecode.generatedstring(testcasecode.java:63)
at Testcase.testcasecode.generatedstring(testcasecode.java:63)
at Testcase.testcasecode.generatedstring(testcasecode.java:63)
at Testcase.testcasecode.generatedstring(testcasecode.java:63)
at Testcase.testcasecode.generatedstring(testcasecode.java:63)
at Testcase.testcasecode.generatedstring(testcasecode.java:63)
at Testcase.testcasecode.generatedstring(testcasecode.java:63)
at Testcase.testcasecode.generatedstring(testcasecode.java:63)
at Testcase.testcasecode.generatedstring(testcasecode.java:63)
at Testcase.testcasecode.generatedstring(testcasecode.java:63)
at Testcase.testcasecode.generatedstring(testcasecode.java:63)
at Testcase.testcasecode.generatedstring(testcasecode.java:63)
at Testcase.testcasecode.generatedstring(testcasecode.java:63)
at Testcase.testcasecode.generatedstring(testcasecode.java:63)
at Testcase.testcasecode.generatedstring(testcasecode.java:63)
at Testcase.testcasecode.generatedstring(testcasecode.java:63)
at Testcase.testcasecode.generatedstring(testcasecode.java:63)
at Testcase.testcasecode.generatedstring(testcasecode.java:63)
at Testcase.testcasecode.generatedstring(testcasecode.java:63)
at Testcase.testcasecode.generatedstring(testcasecode.java:63)
at Testcase.testcasecode.generatedstring(testcasecode.java:63)
at Testcase.testcasecode.generatedstring(testcasecode.java:63)
at Testcase.testcasecode.generatedstring(testcasecode.java:63)
at Testcase.testcasecode.generatedstring(testcasecode.java:63)
at Testcase.testcasecode.generatedstring(testcasecode.java:63)
at Testcase.testcasecode.generatedstring(testcasecode.java:63)
at Testcase.testcasecode.generatedstring(testcasecode.java:63)
at Testcase.testcasecode.generatedstring(testcasecode.java:63)
at Testcase.testcasecode.generatedstring(testcasecode.java:63)
at Testcase.testcasecode.generatedstring(testcasecode.java:63)
at Testcase.testcasecode.generatedstring(testcasecode.java:63)
at Testcase.testcasecode.generatedstring(testcasecode.java:63)
at Testcase.testcasecode.generatedstring(testcasecode.java:63)
at Testcase.testcasecode.generatedstring(testcasecode.java:63)
at Testcase.testcasecode.generatedstring(testcasecode.java:63)
at Testcase.testcasecode.generatedstring(testcasecode.java:63)
at Testcase.testcasecode.generatedstring(testcasecode.java:63)
at Testcase.testcasecode.generatedstring(testcasecode.java:63)
at Testcase.testcasecode.generatedstring(testcasecode.java:63)
at Testcase.testcasecode.generatedstring(testcasecode.java:63)
at Testcase.testcasecode.generatedstring(testcasecode.java:63)
at Testcase.testcasecode.generatedstring(testcasecode.java:63)
at Testcase.testcasecode.generatedstring(testcasecode.java:63)
at Testcase.testcasecode.generatedstring(testcasecode.java:63)
at Testcase.testcasecode.generatedstring(testcasecode.java:63)
at Testcase.testcasecode.generatedstring(testcasecode.java:63)
at Testcase.testcasecode.generatedstring(testcasecode.java:63)
at Testcase.testcasecode.generatedstring(testcasecode.java:63)
at Testcase.testcasecode.generatedstring(testcasecode.java:63)
at Testcase.testcasecode.generatedstring(testcasecode.java:63)
at Testcase.testcasecode.generatedstring(testcasecode.java:63)
at Testcase.testcasecode.generatedstring(testcasecode.java:63)
at Testcase.testcasecode.generatedstring(testcasecode.java:63)
at Testcase.testcasecode.generatedstring(testcasecode.java:63)
at Testcase.testcasecode.generatedstring(testcasecode.java:63)
at Testcase.testcasecode.generatedstring(testcasecode.java:63)
at Testcase.testcasecode.generatedstring(testcasecode.java:63)
at Testcase.testcasecode.generatedstring(testcasecode.java:63)
at Testcase.testcasecode.generatedstring(testcasecode.java:63)
at Testcase.testcasecode.generatedstring(testcasecode.java:63)
at Testcase.testcasecode.generatedstring(testcasecode.java:63)
at Testcase.testcasecode.generatedstring(testcasecode.java:63)
at Testcase.testcasecode.generatedstring(testcasecode.java:63)
at Testcase.testcasecode.generatedstring(testcasecode.java:63)
at Testcase.testcasecode.generatedstring(testcasecode.java:63)
at Testcase.testcasecode.generatedstring(testcasecode.java:63)
at Testcase.testcasecode.generatedstring(testcasecode.java:63)
at Testcase.testcasecode.generatedstring(testcasecode.java:63)
at Testcase.testcasecode.generatedstring(testcasecode.java:63)
at Testcase.testcasecode.generatedstring(testcasecode.java:63)
at Testcase.testcasecode.generatedstring(testcasecode.java:63)
at Testcase.testcasecode.generatedstring(testcasecode.java:63)
at Testcase.testcasecode.generatedstring(testcasecode.java:63)
at Testcase.testcasecode.generatedstring(testcasecode.java:63)
at Testcase.testcasecode.generatedstring(testcasecode.java:63)
at Testcase.testcasecode.generatedstring(testcasecode.java:63)
at Testcase.testcasecode.generatedstring(testcasecode.java:63)
at Testcase.testcasecode.generatedstring(testcasecode.java:63)
at Testcase.testcasecode.generatedstring(testcasecode.java:63)
at Testcase.testcasecode.generatedstring(testcasecode.java:63)
at Testcase.testcasecode.generatedstring(testcasecode.java:63)
at Testcase.testcasecode.generatedstring(testcasecode.java:63)
at Testcase.testcasecode.generatedstring(testcasecode.java:63)
at Testcase.testcasecode.generatedstring(testcasecode.java:63)
at Testcase.testcasecode.generatedstring(testcasecode.java:63)
at Testcase.testcasecode.generatedstring(testcasecode.java:63)
at Testcase.testcasecode.generatedstring(testcasecode.java:63)
at Testcase.testcasecode.generatedstring(testcasecode.java:63)
at Testcase.testcasecode.generatedstring(testcasecode.java:63)
at Testcase.testcasecode.generatedstring(testcasecode.java:63)
at Testcase.testcasecode.generatedstring(testcasecode.java:63)
at Testcase.testcasecode.generatedstring(testcasecode.java:63)
at Testcase.testcasecode.generatedstring(testcasecode.java:63)
at Testcase.testcasecode.generatedstring(testcasecode.java:63)
at Testcase.testcasecode.generatedstring(testcasecode.java:63)
at Testcase.testcasecode.generatedstring(testcasecode.java:63)
at Testcase.testcasecode.generatedstring(testcasecode.java:63)
at Testcase.testcasecode.generatedstring(testcasecode.java:63)
at Testcase.testcasecode.generatedstring(testcasecode.java:63)
at Testcase.testcasecode.generatedstring(testcasecode.java:63)
at Testcase.testcasecode.generatedstring(testcasecode.java:63)
at Testcase.testcasecode.generatedstring(testcasecode.java:63)
at Testcase.testcasecode.generatedstring(testcasecode.java:63)
at Testcase.testcasecode.generatedstring(testcasecode.java:63)
at Testcase.testcasecode.generatedstring(testcasecode.java:63)
at Testcase.testcasecode.generatedstring(testcasecode.java:63)
at Testcase.testcasecode.generatedstring(testcasecode.java:63)
at Testcase.testcasecode.generatedstring(testcasecode.java:63)
at Testcase.testcasecode.generatedstring(testcasecode.java:63)
at Testcase.testcasecode.generatedstring(testcasecode.java:63)
at Testcase.testcasecode.generatedstring(testcasecode.java:63)
at Testcase.testcasecode.generatedstring(testcasecode.java:63)
at Testcase.testcasecode.generatedstring(testcasecode.java:63)
at Testcase.testcasecode.generatedstring(testcasecode.java:63)
at Testcase.testcasecode.generatedstring(testcasecode.java:63)
at Testcase.testcasecode.generatedstring(testcasecode.java:63)
at Testcase.testcasecode.generatedstring(testcasecode.java:63)
at Testcase.testcasecode.generatedstring(testcasecode.java:63)
at Testcase.testcasecode.generatedstring(testcasecode.java:63)
at Testcase.testcasecode.generatedstring(testcasecode.java:63)
at Testcase.testcasecode.generatedstring(testcasecode.java:63)
at Testcase.testcasecode.generatedstring(testcasecode.java:63)
at Testcase.testcasecode.generatedstring(testcasecode.java:63)
at Testcase.testcasecode.generatedstring(testcasecode.java:63)
at Testcase.testcasecode.generatedstring(testcasecode.java:63)
at Testcase.testcasecode.generatedstring(testcasecode.java:63)
at Testcase.testcasecode.generatedstring(testcasecode.java:63)
at Testcase.testcasecode.generatedstring(testcasecode.java:63)
at Testcase.testcasecode.generatedstring(testcasecode.java:63)
at Testcase.testcasecode.generatedstring(testcasecode.java:63)
at Testcase.testcasecode.generatedstring(testcasecode.java:63)
at Testcase.testcasecode.generatedstring(testcasecode.java:63)
at Testcase.testcasecode.generatedstring(testcasecode.java:63)
at Testcase.testcasecode.generatedstring(testcasecode.java:63)
at Testcase.testcasecode.generatedstring(testcasecode.java:63)
at Testcase.testcasecode.generatedstring(testcasecode.java:63)
at Testcase.testcasecode.generatedstring(testcasecode.java:63)
at Testcase.testcasecode.generatedstring(testcasecode.java:63)
at Testcase.testcasecode.generatedstring(testcasecode.java:63)
at Testcase.testcasecode.generatedstring(testcasecode.java:63)
at Testcase.testcasecode.generatedstring(testcasecode.java:63)
at Testcase.testcasecode.generatedstring(testcasecode.java:63)
at Testcase.testcasecode.generatedstring(testcasecode.java:63)
at Testcase.testcasecode.generatedstring(testcasecode.java:63)
at Testcase.testcasecode.generatedstring(testcasecode.java:63)
at Testcase.testcasecode.generatedstring(testcasecode.java:63)
at Testcase.testcasecode.generatedstring(testcasecode.java:63)
at Testcase.testcasecode.generatedstring(testcasecode.java:63)
at Testcase.testcasecode.generatedstring(testcasecode.java:63)
at Testcase.testcasecode.generatedstring(testcasecode.java:63)
at Testcase.testcasecode.generatedstring(testcasecode.java:63)
at Testcase.testcasecode.generatedstring(testcasecode.java:63)
at Testcase.testcasecode.generatedstring(testcasecode.java:63)
at Testcase.testcasecode.generatedstring(testcasecode.java:63)
at Testcase.testcasecode.generatedstring(testcasecode.java:63)
at Testcase.testcasecode.generatedstring(testcasecode.java:63)
at Testcase.testcasecode.generatedstring(testcasecode.java:63)
at Testcase.testcasecode.generatedstring(testcasecode.java:63)
at Testcase.testcasecode.generatedstring(testcasecode.java:63)
at Testcase.testcasecode.generatedstring(testcasecode.java:63)
at Testcase.testcasecode.generatedstring(testcasecode.java:63)
at Testcase.testcasecode.generatedstring(testcasecode.java:63)
at Testcase.testcasecode.generatedstring(testcasecode.java:63)
at Testcase.testcasecode.generatedstring(testcasecode.java:63)
at Testcase.testcasecode.generatedstring(testcasecode.java:63)
at Testcase.testcasecode.generatedstring(testcasecode.java:63)
at Testcase.testcasecode.generatedstring(testcasecode.java:63)
at Testcase.testcasecode.generatedstring(testcasecode.java:63)
at Testcase.testcasecode.generatedstring(testcasecode.java:63)
at Testcase.testcasecode.generatedstring(testcasecode.java:63)
at Testcase.testcasecode.generatedstring(testcasecode.java:63)
at Testcase.testcasecode.generatedstring(testcasecode.java:63)
at Testcase.testcasecode.generatedstring(testcasecode.java:63)
at Testcase.testcasecode.generatedstring(testcasecode.java:63)
at Testcase.testcasecode.generatedstring(testcasecode.java:63)
at Testcase.testcasecode.generatedstring(testcasecode.java:63)
at Testcase.testcasecode.generatedstring(testcasecode.java:63)
at Testcase.testcasecode.generatedstring(testcasecode.java:63)
at Testcase.testcasecode.generatedstring(testcasecode.java:63)
at Testcase.testcasecode.generatedstring(testcasecode.java:63)
at Testcase.testcasecode.generatedstring(testcasecode.java:63)
at Testcase.testcasecode.generatedstring(testcasecode.java:63)
at Testcase.testcasecode.generatedstring(testcasecode.java:63)
at Testcase.testcasecode.generatedstring(testcasecode.java:63)
at Testcase.testcasecode.generatedstring(testcasecode.java:63)
at Testcase.testcasecode.generatedstring(testcasecode.java:63)
at Testcase.testcasecode.generatedstring(testcasecode.java:63)
at Testcase.testcasecode.generatedstring(testcasecode.java:63)
at Testcase.testcasecode.generatedstring(testcasecode.java:63)
at Testcase.testcasecode.generatedstring(testcasecode.java:63)
at Testcase.testcasecode.generatedstring(testcasecode.java:63)
at Testcase.testcasecode.generatedstring(testcasecode.java:63)
at Testcase.testcasecode.generatedstring(testcasecode.java:63)
at Testcase.testcasecode.generatedstring(testcasecode.java:63)
at Testcase.testcasecode.generatedstring(testcasecode.java:63)
at Testcase.testcasecode.generatedstring(testcasecode.java:63)
at Testcase.testcasecode.generatedstring(testcasecode.java:63)
at Testcase.testcasecode.generatedstring(testcasecode.java:63)
at Testcase.testcasecode.generatedstring(testcasecode.java:63)
at Testcase.testcasecode.generatedstring(testcasecode.java:63)
at Testcase.testcasecode.generatedstring(testcasecode.java:63)
at Testcase.testcasecode.generatedstring(testcasecode.java:63)
at Testcase.testcasecode.generatedstring(testcasecode.java:63)
at Testcase.testcasecode.generatedstring(testcasecode.java:63)
at Testcase.testcasecode.generatedstring(testcasecode.java:63)
at Testcase.testcasecode.generatedstring(testcasecode.java:63)
at Testcase.testcasecode.generatedstring(testcasecode.java:63)
at Testcase.testcasecode.generatedstring(testcasecode.java:63)
at Testcase.testcasecode.generatedstring(testcasecode.java:63)
at Testcase.testcasecode.generatedstring(testcasecode.java:63)
at Testcase.testcasecode.generatedstring(testcasecode.java:63)
at Testcase.testcasecode.generatedstring(testcasecode.java:63)
at Testcase.testcasecode.generatedstring(testcasecode.java:63)
at Testcase.testcasecode.generatedstring(testcasecode.java:63)
at Testcase.testcasecode.generatedstring(testcasecode.java:63)
at Testcase.testcasecode.generatedstring(testcasecode.java:63)
at Testcase.testcasecode.generatedstring(testcasecode.java:63)
at Testcase.testcasecode.generatedstring(testcasecode.java:63)
at Testcase.testcasecode.generatedstring(testcasecode.java:63)
at Testcase.testcasecode.generatedstring(testcasecode.java:63)
at Testcase.testcasecode.generatedstring(testcasecode.java:63)
at Testcase.testcasecode.generatedstring(testcasecode.java:63)
at Testcase.testcasecode.generatedstring(testcasecode.java:63)
at Testcase.testcasecode.generatedstring(testcasecode.java:63)
at Testcase.testcasecode.generatedstring(testcasecode.java:63)
at Testcase.testcasecode.generatedstring(testcasecode.java:63)
at Testcase.testcasecode.generatedstring(testcasecode.java:63)
at Testcase.testcasecode.generatedstring(testcasecode.java:63)
at Testcase.testcasecode.generatedstring(testcasecode.java:63)
at Testcase.testcasecode.generatedstring(testcasecode.java:63)
at Testcase.testcasecode.generatedstring(testcasecode.java:63)
at Testcase.testcasecode.generatedstring(testcasecode.java:63)
at Testcase.testcasecode.generatedstring(testcasecode.java:63)
at Testcase.testcasecode.generatedstring(testcasecode.java:63)
at Testcase.testcasecode.generatedstring(testcasecode.java:63)
at Testcase.testcasecode.generatedstring(testcasecode.java:63)
at Testcase.testcasecode.generatedstring(testcasecode.java:63)
at Testcase.testcasecode.generatedstring(testcasecode.java:63)
at Testcase.testcasecode.generatedstring(testcasecode.java:63)
at Testcase.testcasecode.generatedstring(testcasecode.java:63)
at Testcase.testcasecode.generatedstring(testcasecode.java:63)
at Testcase.testcasecode.generatedstring(testcasecode.java:63)
at Testcase.testcasecode.generatedstring(testcasecode.java:63)
at Testcase.testcasecode.generatedstring(testcasecode.java:63)
at Testcase.testcasecode.generatedstring(testcasecode.java:63)
at Testcase.testcasecode.generatedstring(testcasecode.java:63)
at Testcase.testcasecode.generatedstring(testcasecode.java:63)
at Testcase.testcasecode.generatedstring(testcasecode.java:63)
at Testcase.testcasecode.generatedstring(testcasecode.java:63)
at Testcase.testcasecode.generatedstring(testcasecode.java:63)
at Testcase.testcasecode.generatedstring(testcasecode.java:63)
at Testcase.testcasecode.generatedstring(testcasecode.java:63)
at Testcase.testcasecode.generatedstring(testcasecode.java:63)
at Testcase.testcasecode.generatedstring(testcasecode.java:63)
at Testcase.testcasecode.generatedstring(testcasecode.java:63)
at Testcase.testcasecode.generatedstring(testcasecode.java:63)
at Testcase.testcasecode.generatedstring(testcasecode.java:63)
at Testcase.testcasecode.generatedstring(testcasecode.java:63)
at Testcase.testcasecode.generatedstring(testcasecode.java:63)
at Testcase.testcasecode.generatedstring(testcasecode.java:63)
at Testcase.testcasecode.generatedstring(testcasecode.java:63)
at Testcase.testcasecode.generatedstring(testcasecode.java:63)
at Testcase.testcasecode.generatedstring(testcasecode.java:63)
at Testcase.testcasecode.generatedstring(testcasecode.java:63)
at Testcase.testcasecode.generatedstring(testcasecode.java:63)
at Testcase.testcasecode.generatedstring(testcasecode.java:63)
at Testcase.testcasecode.generatedstring(testcasecode.java:63)
at Testcase.testcasecode.generatedstring(testcasecode.java:63)
at Testcase.testcasecode.generatedstring(testcasecode.java:63)
at Testcase.testcasecode.generatedstring(testcasecode.java:63)
at Testcase.testcasecode.generatedstring(testcasecode.java:63)
at Testcase.testcasecode.generatedstring(testcasecode.java:63)
at Testcase.testcasecode.generatedstring(testcasecode.java:63)
at Testcase.testcasecode.generatedstring(testcasecode.java:63)
at Testcase.testcasecode.generatedstring(testcasecode.java:63)
at Testcase.testcasecode.generatedstring(testcasecode.java:63)
at Testcase.testcasecode.generatedstring(testcasecode.java:63)
at Testcase.testcasecode.generatedstring(testcasecode.java:63)
at Testcase.testcasecode.generatedstring(testcasecode.java:63)
at Testcase.testcasecode.generatedstring(testcasecode.java:63)
at Testcase.testcasecode.generatedstring(testcasecode.java:63)
at Testcase.testcasecode.generatedstring(testcasecode.java:63)
at Testcase.testcasecode.generatedstring(testcasecode.java:63)
at Testcase.testcasecode.generatedstring(testcasecode.java:63)
at Testcase.testcasecode.generatedstring(testcasecode.java:63)
at Testcase.testcasecode.generatedstring(testcasecode.java:63)
at Testcase.testcasecode.generatedstring(testcasecode.java:63)
at Testcase.testcasecode.generatedstring(testcasecode.java:63)
at Testcase.testcasecode.generatedstring(testcasecode.java:63)
at Testcase.testcasecode.generatedstring(testcasecode.java:63)
at Testcase.testcasecode.generatedstring(testcasecode.java:63)
at Testcase.testcasecode.generatedstring(testcasecode.java:63)
at Testcase.testcasecode.generatedstring(testcasecode.java:63)
at Testcase.testcasecode.generatedstring(testcasecode.java:63)
at Testcase.testcasecode.generatedstring(testcasecode.java:63)
at Testcase.testcasecode.generatedstring(testcasecode.java:63)
at Testcase.testcasecode.generatedstring(testcasecode.java:63)
at Testcase.testcasecode.generatedstring(testcasecode.java:63)
at Testcase.testcasecode.generatedstring(testcasecode.java:63)
at Testcase.testcasecode.generatedstring(testcasecode.java:63)
at Testcase.testcasecode.generatedstring(testcasecode.java:63)
at Testcase.testcasecode.generatedstring(testcasecode.java:63)
at Testcase.testcasecode.generatedstring(testcasecode.java:63)
at Testcase.testcasecode.generatedstring(testcasecode.java:63)
at Testcase.testcasecode.generatedstring(testcasecode.java:63)
at Testcase.testcasecode.generatedstring(testcasecode.java:63)
at Testcase.testcasecode.generatedstring(testcasecode.java:63)
at Testcase.testcasecode.generatedstring(testcasecode.java:63)
at Testcase.testcasecode.generatedstring(testcasecode.java:63)
at Testcase.testcasecode.generatedstring(testcasecode.java:63)
at Testcase.testcasecode.generatedstring(testcasecode.java:63)
at Testcase.testcasecode.generatedstring(testcasecode.java:63)
at Testcase.testcasecode.generatedstring(testcasecode.java:63)
at Testcase.testcasecode.generatedstring(testcasecode.java:63)
at Testcase.testcasecode.generatedstring(testcasecode.java:63)
at Testcase.testcasecode.generatedstring(testcasecode.java:63)
at Testcase.testcasecode.generatedstring(testcasecode.java:63)
at Testcase.testcasecode.generatedstring(testcasecode.java:63)
at Testcase.testcasecode.generatedstring(testcasecode.java:63)
at Testcase.testcasecode.generatedstring(testcasecode.java:63)
at Testcase.testcasecode.generatedstring(testcasecode.java:63)
at Testcase.testcasecode.generatedstring(testcasecode.java:63)
at Testcase.testcasecode.generatedstring(testcasecode.java:63)
at Testcase.testcasecode.generatedstring(testcasecode.java:63)
at Testcase.testcasecode.generatedstring(testcasecode.java:63)
at Testcase.testcasecode.generatedstring(testcasecode.java:63)
at Testcase.testcasecode.generatedstring(testcasecode.java:63)
at Testcase.testcasecode.generatedstring(testcasecode.java:63)
at Testcase.testcasecode.generatedstring(testcasecode.java:63)
at Testcase.testcasecode.generatedstring(testcasecode.java:63)
at Testcase.testcasecode.generatedstring(testcasecode.java:63)
at Testcase.testcasecode.generatedstring(testcasecode.java:63)
at Testcase.testcasecode.generatedstring(testcasecode.java:63)
at Testcase.testcasecode.generatedstring(testcasecode.java:63)
at Testcase.testcasecode.generatedstring(testcasecode.java:63)
at Testcase.testcasecode.generatedstring(testcasecode.java:63)
at Testcase.testcasecode.generatedstring(testcasecode.java:63)
at Testcase.testcasecode.generatedstring(testcasecode.java:63)
at Testcase.testcasecode.generatedstring(testcasecode.java:63)
at Testcase.testcasecode.generatedstring(testcasecode.java:63)
at Testcase.testcasecode.generatedstring(testcasecode.java:63)
at Testcase.testcasecode.generatedstring(testcasecode.java:63)
at Testcase.testcasecode.generatedstring(testcasecode.java:63)
at Testcase.testcasecode.generatedstring(testcasecode.java:63)
at Testcase.testcasecode.generatedstring(testcasecode.java:63)
at Testcase.testcasecode.generatedstring(testcasecode.java:63)
at Testcase.testcasecode.generatedstring(testcasecode.java:63)
at Testcase.testcasecode.generatedstring(testcasecode.java:63)
at Testcase.testcasecode.generatedstring(testcasecode.java:63)
at Testcase.testcasecode.generatedstring(testcasecode.java:63)
at Testcase.testcasecode.generatedstring(testcasecode.java:63)
at Testcase.testcasecode.generatedstring(testcasecode.java:63)
at Testcase.testcasecode.generatedstring(testcasecode.java:63)
at Testcase.testcasecode.generatedstring(testcasecode.java:63)
at Testcase.testcasecode.generatedstring(testcasecode.java:63)
at Testcase.testcasecode.generatedstring(testcasecode.java:63)
at Testcase.testcasecode.generatedstring(testcasecode.java:63)
at Testcase.testcasecode.generatedstring(testcasecode.java:63)
at Testcase.testcasecode.generatedstring(testcasecode.java:63)
at Testcase.testcasecode.generatedstring(testcasecode.java:63)
at Testcase.testcasecode.generatedstring(testcasecode.java:63)
at Testcase.testcasecode.generatedstring(testcasecode.java:63)
at Testcase.testcasecode.generatedstring(testcasecode.java:63)
at Testcase.testcasecode.generatedstring(testcasecode.java:63)
at Testcase.testcasecode.generatedstring(testcasecode.java:63)
at Testcase.testcasecode.generatedstring(testcasecode.java:63)
at Testcase.testcasecode.generatedstring(testcasecode.java:63)
at Testcase.testcasecode.generatedstring(testcasecode.java:63)
at Testcase.testcasecode.generatedstring(testcasecode.java:63)
at Testcase.testcasecode.generatedstring(testcasecode.java:63)
at Testcase.testcasecode.generatedstring(testcasecode.java:63)
at Testcase.testcasecode.generatedstring(testcasecode.java:63)
at Testcase.testcasecode.generatedstring(testcasecode.java:63)
at Testcase.testcasecode.generatedstring(testcasecode.java:63)
at Testcase.testcasecode.generatedstring(testcasecode.java:63)
at Testcase.testcasecode.generatedstring(testcasecode.java:63)
at Testcase.testcasecode.generatedstring(testcasecode.java:63)
at Testcase.testcasecode.generatedstring(testcasecode.java:63)
at Testcase.testcasecode.generatedstring(testcasecode.java:63)
at Testcase.testcasecode.generatedstring(testcasecode.java:63)
at Testcase.testcasecode.generatedstring(testcasecode.java:63)
at Testcase.testcasecode.generatedstring(testcasecode.java:63)
at Testcase.testcasecode.generatedstring(testcasecode.java:63)
at Testcase.testcasecode.generatedstring(testcasecode.java:63)
at Testcase.testcasecode.generatedstring(testcasecode.java:63)
at Testcase.testcasecode.generatedstring(testcasecode.java:63)
at Testcase.testcasecode.generatedstring(testcasecode.java:63)
at Testcase.testcasecode.generatedstring(testcasecode.java:63)
at Testcase.testcasecode.generatedstring(testcasecode.java:63)
at Testcase.testcasecode.generatedstring(testcasecode.java:63)
at Testcase.testcasecode.generatedstring(testcasecode.java:63)
at Testcase.testcasecode.generatedstring(testcasecode.java:63)
at Testcase.testcasecode.generatedstring(testcasecode.java:63)
at Testcase.testcasecode.generatedstring(testcasecode.java:63)
at Testcase.testcasecode.generatedstring(testcasecode.java:63)
at Testcase.testcasecode.generatedstring(testcasecode.java:63)
at Testcase.testcasecode.generatedstring(testcasecode.java:63)
at Testcase.testcasecode.generatedstring(testcasecode.java:63)
at Testcase.testcasecode.generatedstring(testcasecode.java:63)
at Testcase.testcasecode.generatedstring(testcasecode.java:63)
at Testcase.testcasecode.generatedstring(testcasecode.java:63)
at Testcase.testcasecode.generatedstring(testcasecode.java:63)
at Testcase.testcasecode.generatedstring(testcasecode.java:63)
at Testcase.testcasecode.generatedstring(testcasecode.java:63)
at Testcase.testcasecode.generatedstring(testcasecode.java:63)
at Testcase.testcasecode.generatedstring(testcasecode.java:63)
at Testcase.testcasecode.generatedstring(testcasecode.java:63)
at Testcase.testcasecode.generatedstring(testcasecode.java:63)
at Testcase.testcasecode.generatedstring(testcasecode.java:63)
at Testcase.testcasecode.generatedstring(testcasecode.java:63)
at Testcase.testcasecode.generatedstring(testcasecode.java:63)
at Testcase.testcasecode.generatedstring(testcasecode.java:63)
at Testcase.testcasecode.generatedstring(testcasecode.java:63)
at Testcase.testcasecode.generatedstring(testcasecode.java:63)
at Testcase.testcasecode.generatedstring(testcasecode.java:63)
at Testcase.testcasecode.generatedstring(testcasecode.java:63)
at Testcase.testcasecode.generatedstring(testcasecode.java:63)
at Testcase.testcasecode.generatedstring(testcasecode.java:63)
at Testcase.testcasecode.generatedstring(testcasecode.java:63)
at Testcase.testcasecode.generatedstring(testcasecode.java:63)
at Testcase.testcasecode.generatedstring(testcasecode.java:63)
at Testcase.testcasecode.generatedstring(testcasecode.java:63)
at Testcase.testcasecode.generatedstring(testcasecode.java:63)
at Testcase.testcasecode.generatedstring(testcasecode.java:63)
at Testcase.testcasecode.generatedstring(testcasecode.java:63)
at Testcase.testcasecode.generatedstring(testcasecode.java:63)
at Testcase.testcasecode.generatedstring(testcasecode.java:63)
at Testcase.testcasecode.generatedstring(testcasecode.java:63)
at Testcase.testcasecode.generatedstring(testcasecode.java:63)
at Testcase.testcasecode.generatedstring(testcasecode.java:63)
at Testcase.testcasecode.generatedstring(testcasecode.java:63)
at Testcase.testcasecode.generatedstring(testcasecode.java:63)
at Testcase.testcasecode.generatedstring(testcasecode.java:63)
at Testcase.testcasecode.generatedstring(testcasecode.java:63)
at Testcase.testcasecode.generatedstring(testcasecode.java:63)
at Testcase.testcasecode.generatedstring(testcasecode.java:63)
at Testcase.testcasecode.generatedstring(testcasecode.java:63)
at Testcase.testcasecode.generatedstring(testcasecode.java:63)
at Testcase.testcasecode.generatedstring(testcasecode.java:63)
at Testcase.testcasecode.generatedstring(testcasecode.java:63)
at Testcase.testcasecode.generatedstring(testcasecode.java:63)
at Testcase.testcasecode.generatedstring(testcasecode.java:63)
at Testcase.testcasecode.generatedstring(testcasecode.java:63)
at Testcase.testcasecode.generatedstring(testcasecode.java:63)
at Testcase.testcasecode.generatedstring(testcasecode.java:63)
at Testcase.testcasecode.generatedstring(testcasecode.java:63)
at Testcase.testcasecode.generatedstring(testcasecode.java:63)
at Testcase.testcasecode.generatedstring(testcasecode.java:63)
at Testcase.testcasecode.generatedstring(testcasecode.java:63)
at Testcase.testcasecode.generatedstring(testcasecode.java:63)
at Testcase.testcasecode.generatedstring(testcasecode.java:63)
at Testcase.testcasecode.generatedstring(testcasecode.java:63)
at Testcase.testcasecode.generatedstring(testcasecode.java:63)
at Testcase.testcasecode.generatedstring(testcasecode.java:63)
at Testcase.testcasecode.generatedstring(testcasecode.java:63)
at Testcase.testcasecode.generatedstring(testcasecode.java:63)
at Testcase.testcasecode.generatedstring(testcasecode.java:63)
at Testcase.testcasecode.generatedstring(testcasecode.java:63)
at Testcase.testcasecode.generatedstring(testcasecode.java:63)
at Testcase.testcasecode.generatedstring(testcasecode.java:63)
at Testcase.testcasecode.generatedstring(testcasecode.java:63)
at Testcase.testcasecode.generatedstring(testcasecode.java:63)
at Testcase.testcasecode.generatedstring(testcasecode.java:63)
at Testcase.testcasecode.generatedstring(testcasecode.java:63)
at Testcase.testcasecode.generatedstring(testcasecode.java:63)
at Testcase.testcasecode.generatedstring(testcasecode.java:63)
at Testcase.testcasecode.generatedstring(testcasecode.java:63)
at Testcase.testcasecode.generatedstring(testcasecode.java:63)
at Testcase.testcasecode.generatedstring(testcasecode.java:63)
at Testcase.testcasecode.generatedstring(testcasecode.java:63)
at Testcase.testcasecode.generatedstring(testcasecode.java:63)
at Testcase.testcasecode.generatedstring(testcasecode.java:63)
at Testcase.testcasecode.generatedstring(testcasecode.java:63)
at Testcase.testcasecode.generatedstring(testcasecode.java:63)
at Testcase.testcasecode.generatedstring(testcasecode.java:63)
at Testcase.testcasecode.generatedstring(testcasecode.java:63)
at Testcase.testcasecode.generatedstring(testcasecode.java:63)
at Testcase.testcasecode.generatedstring(testcasecode.java:63)
at Testcase.testcasecode.generatedstring(testcasecode.java:63)
at Testcase.testcasecode.generatedstring(testcasecode.java:63)
at Testcase.testcasecode.generatedstring(testcasecode.java:63)
at Testcase.testcasecode.generatedstring(testcasecode.java:63)
at Testcase.testcasecode.generatedstring(testcasecode.java:63)
at Testcase.testcasecode.generatedstring(testcasecode.java:63)
at Testcase.testcasecode.generatedstring(testcasecode.java:63)
at Testcase.testcasecode.generatedstring(testcasecode.java:63)
at Testcase.testcasecode.generatedstring(testcasecode.java:63)
at Testcase.testcasecode.generatedstring(testcasecode.java:63)
at Testcase.testcasecode.generatedstring(testcasecode.java:63)
at Testcase.testcasecode.generatedstring(testcasecode.java:63)
at Testcase.testcasecode.generatedstring(testcasecode.java:63)
at Testcase.testcasecode.generatedstring(testcasecode.java:63)
at Testcase.testcasecode.generatedstring(testcasecode.java:63)
at Testcase.testcasecode.generatedstring(testcasecode.java:63)
at Testcase.testcasecode.generatedstring(testcasecode.java:63)
at Testcase.testcasecode.generatedstring(testcasecode.java:63)
at Testcase.testcasecode.generatedstring(testcasecode.java:63)
at Testcase.testcasecode.generatedstring(testcasecode.java:63)
at Testcase.testcasecode.generatedstring(testcasecode.java:63)
at Testcase.testcasecode.generatedstring(testcasecode.java:63)
at Testcase.testcasecode.generatedstring(testcasecode.java:63)
at Testcase.testcasecode.generatedstring(testcasecode.java:63)
at Testcase.testcasecode.generatedstring(testcasecode.java:63)
at Testcase.testcasecode.generatedstring(testcasecode.java:63)
at Testcase.testcasecode.generatedstring(testcasecode.java:63)
at Testcase.testcasecode.generatedstring(testcasecode.java:63)
at Testcase.testcasecode.generatedstring(testcasecode.java:63)
at Testcase.testcasecode.generatedstring(testcasecode.java:63)
at Testcase.testcasecode.generatedstring(testcasecode.java:63)
at Testcase.testcasecode.generatedstring(testcasecode.java:63)
at Testcase.testcasecode.generatedstring(testcasecode.java:63)
at Testcase.testcasecode.generatedstring(testcasecode.java:63)
at Testcase.testcasecode.generatedstring(testcasecode.java:63)
at Testcase.testcasecode.generatedstring(testcasecode.java:63)
at Testcase.testcasecode.generatedstring(testcasecode.java:63)
at Testcase.testcasecode.generatedstring(testcasecode.java:63)
at Testcase.testcasecode.generatedstring(testcasecode.java:63)
at Testcase.testcasecode.generatedstring(testcasecode.java:63)
at Testcase.testcasecode.generatedstring(testcasecode.java:63)
at Testcase.testcasecode.generatedstring(testcasecode.java:63)
at Testcase.testcasecode.generatedstring(testcasecode.java:63)
at Testcase.testcasecode.generatedstring(testcasecode.java:63)
at Testcase.testcasecode.generatedstring(testcasecode.java:63)
at Testcase.testcasecode.generatedstring(testcasecode.java:63)
at Testcase.testcasecode.generatedstring(testcasecode.java:63)
at Testcase.testcasecode.generatedstring(testcasecode.java:63)
at Testcase.testcasecode.generatedstring(testcasecode.java:63)
at Testcase.testcasecode.generatedstring(testcasecode.java:63)
at Testcase.testcasecode.generatedstring(testcasecode.java:63)
at Testcase.testcasecode.generatedstring(testcasecode.java:63)
at Testcase.testcasecode.generatedstring(testcasecode.java:63)
at Testcase.testcasecode.generatedstring(testcasecode.java:63)
at Testcase.testcasecode.generatedstring(testcasecode.java:63)
at Testcase.testcasecode.generatedstring(testcasecode.java:63)
at Testcase.testcasecode.generatedstring(testcasecode.java:63)
at Testcase.testcasecode.generatedstring(testcasecode.java:63)
at Testcase.testcasecode.generatedstring(testcasecode.java:63)
at Testcase.testcasecode.generatedstring(testcasecode.java:63)
at Testcase.testcasecode.generatedstring(testcasecode.java:63)
at Testcase.testcasecode.generatedstring(testcasecode.java:63)
at Testcase.testcasecode.generatedstring(testcasecode.java:63)
at Testcase.testcasecode.generatedstring(testcasecode.java:63)
at Testcase.testcasecode.generatedstring(testcasecode.java:63)
at Testcase.testcasecode.generatedstring(testcasecode.java:63)
at Testcase.testcasecode.generatedstring(testcasecode.java:63)
at Testcase.testcasecode.generatedstring(testcasecode.java:63)
at Testcase.testcasecode.generatedstring(testcasecode.java:63)
at Testcase.testcasecode.generatedstring(testcasecode.java:63)
at Testcase.testcasecode.generatedstring(testcasecode.java:63)
at Testcase.testcasecode.generatedstring(testcasecode.java:63)
at Testcase.testcasecode.generatedstring(testcasecode.java:63)
at Testcase.testcasecode.generatedstring(testcasecode.java:63)
at Testcase.testcasecode.generatedstring(testcasecode.java:63)
at Testcase.testcasecode.generatedstring(testcasecode.java:63)
at Testcase.testcasecode.generatedstring(testcasecode.java:63)
at Testcase.testcasecode.generatedstring(testcasecode.java:63)
at Testcase.testcasecode.generatedstring(testcasecode.java:63)
at Testcase.testcasecode.generatedstring(testcasecode.java:63)
at Testcase.testcasecode.generatedstring(testcasecode.java:63)
at Testcase.testcasecode.generatedstring(testcasecode.java:63)
at Testcase.testcasecode.generatedstring(testcasecode.java:63)
at Testcase.testcasecode.generatedstring(testcasecode.java:63)
at Testcase.testcasecode.generatedstring(testcasecode.java:63)
at Testcase.testcasecode.generatedstring(testcasecode.java:63)
at Testcase.testcasecode.generatedstring(testcasecode.java:63)
at Testcase.testcasecode.generatedstring(testcasecode.java:63)
at Testcase.testcasecode.generatedstring(testcasecode.java:63)
at Testcase.testcasecode.generatedstring(testcasecode.java:63)
at Testcase.testcasecode.generatedstring(testcasecode.java:63)
at Testcase.testcasecode.generatedstring(testcasecode.java:63)
at Testcase.testcasecode.generatedstring(testcasecode.java:63)
at Testcase.testcasecode.generatedstring(testcasecode.java:63)
at Testcase.testcasecode.generatedstring(testcasecode.java:63)
at Testcase.testcasecode.generatedstring(testcasecode.java:63)
at Testcase.testcasecode.generatedstring(testcasecode.java:63)
at Testcase.testcasecode.generatedstring(testcasecode.java:63)
at Testcase.testcasecode.generatedstring(testcasecode.java:63)
at Testcase.testcasecode.generatedstring(testcasecode.java:63)
at Testcase.testcasecode.generatedstring(testcasecode.java:63)
at Testcase.testcasecode.generatedstring(testcasecode.java:63)
at Testcase.testcasecode.generatedstring(testcasecode.java:63)
at Testcase.testcasecode.generatedstring(testcasecode.java:63)
at Testcase.testcasecode.generatedstring(testcasecode.java:63)
at Testcase.testcasecode.generatedstring(testcasecode.java:63)
at Testcase.testcasecode.generatedstring(testcasecode.java:63)
at Testcase.testcasecode.generatedstring(testcasecode.java:63)
at Testcase.testcasecode.generatedstring(testcasecode.java:63)
at Testcase.testcasecode.generatedstring(testcasecode.java:63)
at Testcase.testcasecode.generatedstring(testcasecode.java:63)
at Testcase.testcasecode.generatedstring(testcasecode.java:63)
at Testcase.testcasecode.generatedstring(testcasecode.java:63)
at Testcase.testcasecode.generatedstring(testcasecode.java:63)
at Testcase.testcasecode.generatedstring(testcasecode.java:63)
at Testcase.testcasecode.generatedstring(testcasecode.java:63)
at Testcase.testcasecode.generatedstring(testcasecode.java:63)
at Testcase.testcasecode.generatedstring(testcasecode.java:63)
at Testcase.testcasecode.generatedstring(testcasecode.java:63)
at Testcase.testcasecode.generatedstring(testcasecode.java:63)
at Testcase.testcasecode.generatedstring(testcasecode.java:63)
at Testcase.testcasecode.generatedstring(testcasecode.java:63)
at Testcase.testcasecode.generatedstring(testcasecode.java:63)
at Testcase.testcasecode.generatedstring(testcasecode.java:63)
at Testcase.testcasecode.generatedstring(testcasecode.java:63)
at Testcase.testcasecode.generatedstring(testcasecode.java:63)
at Testcase.testcasecode.generatedstring(testcasecode.java:63)
at Testcase.testcasecode.generatedstring(testcasecode.java:63)
at Testcase.testcasecode.generatedstring(testcasecode.java:63)
at Testcase.testcasecode.generatedstring(testcasecode.java:63)
at Testcase.testcasecode.generatedstring(testcasecode.java:63)
at Testcase.testcasecode.generatedstring(testcasecode.java:63)
at Testcase.testcasecode.generatedstring(testcasecode.java:63)
at Testcase.testcasecode.generatedstring(testcasecode.java:63)
at Testcase.testcasecode.generatedstring(testcasecode.java:63)
at Testcase.testcasecode.generatedstring(testcasecode.java:63)
at Testcase.testcasecode.generatedstring(testcasecode.java:63)
at Testcase.testcasecode.generatedstring(testcasecode.java:63)
at Testcase.testcasecode.generatedstring(testcasecode.java:63)
at Testcase.testcasecode.generatedstring(testcasecode.java:63)
at Testcase.testcasecode.generatedstring(testcasecode.java:63)
at Testcase.testcasecode.generatedstring(testcasecode.java:63)
at Testcase.testcasecode.generatedstring(testcasecode.java:63)
at Testcase.testcasecode.generatedstring(testcasecode.java:63)
at Testcase.testcasecode.generatedstring(testcasecode.java:63)
at Testcase.testcasecode.generatedstring(testcasecode.java:63)
at Testcase.testcasecode.generatedstring(testcasecode.java:63)
at Testcase.testcasecode.generatedstring(testcasecode.java:63)
at Testcase.testcasecode.generatedstring(testcasecode.java:63)
at Testcase.testcasecode.generatedstring(testcasecode.java:63)
at Testcase.testcasecode.generatedstring(testcasecode.java:63)
at Testcase.testcasecode.generatedstring(testcasecode.java:63)
at Testcase.testcasecode.generatedstring(testcasecode.java:63)
at Testcase.testcasecode.generatedstring(testcasecode.java:63)
at Testcase.testcasecode.generatedstring(testcasecode.java:63)
at Testcase.testcasecode.generatedstring(testcasecode.java:63)
at Testcase.testcasecode.generatedstring(testcasecode.java:63)
at Testcase.testcasecode.generatedstring(testcasecode.java:63)
at Testcase.testcasecode.generatedstring(testcasecode.java:63)
at Testcase.testcasecode.generatedstring(testcasecode.java:63)
at Testcase.testcasecode.generatedstring(testcasecode.java:63)
at Testcase.testcasecode.generatedstring(testcasecode.java:63)
at Testcase.testcasecode.generatedstring(testcasecode.java:63)
at Testcase.testcasecode.generatedstring(testcasecode.java:63)
at Testcase.testcasecode.generatedstring(testcasecode.java:63)
at Testcase.testcasecode.generatedstring(testcasecode.java:63)
at Testcase.testcasecode.generatedstring(testcasecode.java:63)
at Testcase.testcasecode.generatedstring(testcasecode.java:63)
at Testcase.testcasecode.generatedstring(testcasecode.java:63)
at Testcase.testcasecode.generatedstring(testcasecode.java:63)
at Testcase.testcasecode.generatedstring(testcasecode.java:63)
at Testcase.testcasecode.generatedstring(testcasecode.java:63)
at Testcase.testcasecode.generatedstring(testcasecode.java:63)
at Testcase.testcasecode.generatedstring(testcasecode.java:63)
at Testcase.testcasecode.generatedstring(testcasecode.java:63)
at Testcase.testcasecode.generatedstring(testcasecode.java:63)
at Testcase.testcasecode.generatedstring(testcasecode.java:63)
at Testcase.testcasecode.generatedstring(testcasecode.java:63)
at Testcase.testcasecode.generatedstring(testcasecode.java:63)
at Testcase.testcasecode.generatedstring(testcasecode.java:63)
at Testcase.testcasecode.generatedstring(testcasecode.java:63)
at Testcase.testcasecode.generatedstring(testcasecode.java:63)
at Testcase.testcasecode.generatedstring(testcasecode.java:63)
at Testcase.testcasecode.generatedstring(testcasecode.java:63)
at Testcase.testcasecode.generatedstring(testcasecode.java:63)
at Testcase.testcasecode.generatedstring(testcasecode.java:63)
at Testcase.testcasecode.generatedstring(testcasecode.java:63)
at Testcase.testcasecode.generatedstring(testcasecode.java:63)
at Testcase.testcasecode.generatedstring(testcasecode.java:63)
at Testcase.testcasecode.generatedstring(testcasecode.java:63)
at Testcase.testcasecode.generatedstring(testcasecode.java:63)
at Testcase.testcasecode.generatedstring(testcasecode.java:63)
at Testcase.testcasecode.generatedstring(testcasecode.java:63)
at Testcase.testcasecode.generatedstring(testcasecode.java:63)
at Testcase.testcasecode.generatedstring(testcasecode.java:63)
at Testcase.testcasecode.generatedstring(testcasecode.java:63)
at Testcase.testcasecode.generatedstring(testcasecode.java:63)
at Testcase.testcasecode.generatedstring(testcasecode.java:63)
at Testcase.testcasecode.generatedstring(testcasecode.java:63)
at Testcase.testcasecode.generatedstring(testcasecode.java:63)
at Testcase.testcasecode.generatedstring(testcasecode.java:63)
at Testcase.testcasecode.generatedstring(testcasecode.java:63)
at Testcase.testcasecode.generatedstring(testcasecode.java:63)
at Testcase.testcasecode.generatedstring(testcasecode.java:63)
at Testcase.testcasecode.generatedstring(testcasecode.java:63)
at Testcase.testcasecode.generatedstring(testcasecode.java:63)
at Testcase.testcasecode.generatedstring(testcasecode.java:63)
at Testcase.testcasecode.generatedstring(testcasecode.java:63)
at Testcase.testcasecode.generatedstring(testcasecode.java:63)
at Testcase.testcasecode.generatedstring(testcasecode.java:63)
at Testcase.testcasecode.generatedstring(testcasecode.java:63)
at Testcase.testcasecode.generatedstring(testcasecode.java:63)
at Testcase.testcasecode.generatedstring(testcasecode.java:63)
at Testcase.testcasecode.generatedstring(testcasecode.java:63)
at Testcase.testcasecode.generatedstring(testcasecode.java:63)
at Testcase.testcasecode.generatedstring(testcasecode.java:63)
at Testcase.testcasecode.generatedstring(testcasecode.java:63)
at Testcase.testcasecode.generatedstring(testcasecode.java:63)
at Testcase.testcasecode.generatedstring(testcasecode.java:63)
at Testcase.testcasecode.generatedstring(testcasecode.java:63)
at Testcase.testcasecode.generatedstring(testcasecode.java:63)
at Testcase.testcasecode.generatedstring(testcasecode.java:63)
at Testcase.testcasecode.generatedstring(testcasecode.java:63)
at Testcase.testcasecode.generatedstring(testcasecode.java:63)
at Testcase.testcasecode.generatedstring(testcasecode.java:63)
at Testcase.testcasecode.generatedstring(testcasecode.java:63)
at Testcase.testcasecode.generatedstring(testcasecode.java:63)
at Testcase.testcasecode.generatedstring(testcasecode.java:63)
at Testcase.testcasecode.generatedstring(testcasecode.java:63)
at Testcase.testcasecode.generatedstring(testcasecode.java:63)
at Testcase.testcasecode.generatedstring(testcasecode.java:63)
at Testcase.testcasecode.generatedstring(testcasecode.java:63)
at Testcase.testcasecode.generatedstring(testcasecode.java:63)
at Testcase.testcasecode.generatedstring(testcasecode.java:63)
at Testcase.testcasecode.generatedstring(testcasecode.java:63)
at Testcase.testcasecode.generatedstring(testcasecode.java:63)
at Testcase.testcasecode.generatedstring(testcasecode.java:63)
at Testcase.testcasecode.generatedstring(testcasecode.java:63)
at Testcase.testcasecode.generatedstring(testcasecode.java:63)
at Testcase.testcasecode.generatedstring(testcasecode.java:63)
at Testcase.testcasecode.generatedstring(testcasecode.java:63)
at Testcase.testcasecode.generatedstring(testcasecode.java:63)
at Testcase.testcasecode.generatedstring(testcasecode.java:63)
at Testcase.testcasecode.generatedstring(testcasecode.java:63)
at Testcase.testcasecode.generatedstring(testcasecode.java:63)
at Testcase.testcasecode.generatedstring(testcasecode.java:63)
at Testcase.testcasecode.generatedstring(testcasecode.java:63)
at Testcase.testcasecode.generatedstring(testcasecode.java:63)
at Testcase.testcasecode.generatedstring(testcasecode.java:63)
at Testcase.testcasecode.generatedstring(testcasecode.java:63)
at Testcase.testcasecode.generatedstring(testcasecode.java:63)
at Testcase.testcasecode.generatedstring(testcasecode.java:63)
at Testcase.testcasecode.generatedstring(testcasecode.java:63)
at Testcase.testcasecode.generatedstring(testcasecode.java:63)
at Testcase.testcasecode.generatedstring(testcasecode.java:63)
at Testcase.testcasecode.generatedstring(testcasecode.java:63)
at Testcase.testcasecode.generatedstring(testcasecode.java:63)
at Testcase.testcasecode.generatedstring(testcasecode.java:63)
at Testcase.testcasecode.generatedstring(testcasecode.java:63)
at Testcase.testcasecode.generatedstring(testcasecode.java:63)
at Testcase.testcasecode.generatedstring(testcasecode.java:63)
at Testcase.testcasecode.generatedstring(testcasecode.java:63)
at Testcase.testcasecode.generatedstring(testcasecode.java:63)
at Testcase.testcasecode.generatedstring(testcasecode.java:63)
at Testcase.testcasecode.generatedstring(testcasecode.java:63)
at Testcase.testcasecode.generatedstring(testcasecode.java:63)
at Testcase.testcasecode.generatedstring(testcasecode.java:63)
at Testcase.testcasecode.generatedstring(testcasecode.java:63)
at Testcase.testcasecode.generatedstring(testcasecode.java:63)
at Testcase.testcasecode.generatedstring(testcasecode.java:63)
at Testcase.testcasecode.generatedstring(testcasecode.java:63)
at Testcase.testcasecode.generatedstring(testcasecode.java:63)
at Testcase.testcasecode.generatedstring(testcasecode.java:63)
at Testcase.testcasecode.generatedstring(testcasecode.java:63)
at Testcase.testcasecode.generatedstring(testcasecode.java:63)
at Testcase.testcasecode.generatedstring(testcasecode.java:63)
at Testcase.testcasecode.generatedstring(testcasecode.java:63)
at Testcase.testcasecode.generatedstring(testcasecode.java:63)
at Testcase.testcasecode.generatedstring(testcasecode.java:63)
at Testcase.testcasecode.generatedstring(testcasecode.java:63)
at Testcase.testcasecode.generatedstring(testcasecode.java:63)
at Testcase.testcasecode.generatedstring(testcasecode.java:63)
at Testcase.testcasecode.generatedstring(testcasecode.java:63)
at Testcase.testcasecode.generatedstring(testcasecode.java:63)
at Testcase.testcasecode.generatedstring(testcasecode.java:63)
at Testcase.testcasecode.generatedstring(testcasecode.java:63)
at Testcase.testcasecode.generatedstring(testcasecode.java:63)
at Testcase.testcasecode.generatedstring(testcasecode.java:63)
at Testcase.testcasecode.generatedstring(testcasecode.java:63)
at Testcase.testcasecode.generatedstring(testcasecode.java:63)
at Testcase.testcasecode.generatedstring(testcasecode.java:63)
at Testcase.testcasecode.generatedstring(testcasecode.java:63)
at Testcase.testcasecode.generatedstring(testcasecode.java:63)
at Testcase.testcasecode.generatedstring(testcasecode.java:63)
at Testcase.testcasecode.generatedstring(testcasecode.java:63)
at Testcase.testcasecode.generatedstring(testcasecode.java:63)
at Testcase.testcasecode.generatedstring(testcasecode.java:63)
at Testcase.testcasecode.generatedstring(testcasecode.java:63)
at Testcase.testcasecode.generatedstring(testcasecode.java:63)
at Testcase.testcasecode.generatedstring(testcasecode.java:63)
at Testcase.testcasecode.generatedstring(testcasecode.java:63)
at Testcase.testcasecode.generatedstring(testcasecode.java:63)
at Testcase.testcasecode.generatedstring(testcasecode.java:63)
at Testcase.testcasecode.generatedstring(testcasecode.java:63)
at Testcase.testcasecode.generatedstring(testcasecode.java:63)
at Testcase.testcasecode.generatedstring(testcasecode.java:63)
at Testcase.testcasecode.generatedstring(testcasecode.java:63)
at Testcase.testcasecode.generatedstring(testcasecode.java:63)
at Testcase.testcasecode.generatedstring(testcasecode.java:63)
at Testcase.testcasecode.generatedstring(testcasecode.java:63)
at Testcase.testcasecode.generatedstring(testcasecode.java:63)
at Testcase.testcasecode.generatedstring(testcasecode.java:63)
at Testcase.testcasecode.generatedstring(testcasecode.java:63)
at Testcase.testcasecode.generatedstring(testcasecode.java:63)
at Testcase.testcasecode.generatedstring(testcasecode.java:63)
at Testcase.testcasecode.generatedstring(testcasecode.java:63)
at Testcase.testcasecode.generatedstring(testcasecode.java:63)
at Testcase.testcasecode.generatedstring(testcasecode.java:63)
]]>
    </error>
  </testcase> <!-- page1 -->
</testsuite> <!-- Testcase.testcasecode -->
